[2024-01-10 11:45:51,093: INFO: main: This is custom logger!]
[2024-01-11 17:11:03,660: INFO: common: yaml file: config\config.yaml loaded successfully]
[2024-01-11 17:11:03,670: INFO: common: yaml file: params.yaml loaded successfully]
[2024-01-11 17:11:03,686: INFO: common: yaml file: schema.yaml loaded successfully]
[2024-01-11 17:11:03,735: INFO: common: created directory at: artifacts]
[2024-01-11 17:11:03,735: INFO: common: created directory at: artifacts/data_ingestion]
[2024-01-11 17:22:45,192: INFO: common: yaml file: config\config.yaml loaded successfully]
[2024-01-11 17:22:45,192: INFO: common: yaml file: params.yaml loaded successfully]
[2024-01-11 17:22:45,198: INFO: common: yaml file: schema.yaml loaded successfully]
[2024-01-11 17:22:45,244: INFO: common: created directory at: artifacts]
[2024-01-11 17:22:45,244: INFO: common: created directory at: artifacts/data_ingestion]
[2024-01-11 17:25:05,781: INFO: common: yaml file: config\config.yaml loaded successfully]
[2024-01-11 17:25:05,783: INFO: common: yaml file: params.yaml loaded successfully]
[2024-01-11 17:25:05,786: INFO: common: yaml file: schema.yaml loaded successfully]
[2024-01-11 17:25:05,786: INFO: common: created directory at: artifacts]
[2024-01-11 17:25:05,788: INFO: common: created directory at: artifacts/data_ingestion]
[2024-01-11 17:29:02,857: INFO: common: yaml file: config\config.yaml loaded successfully]
[2024-01-11 17:29:02,860: INFO: common: yaml file: params.yaml loaded successfully]
[2024-01-11 17:29:02,862: INFO: common: yaml file: schema.yaml loaded successfully]
[2024-01-11 17:29:02,863: INFO: common: created directory at: artifacts]
[2024-01-11 17:29:02,866: INFO: common: created directory at: artifacts/data_ingestion]
[2024-01-11 17:30:00,157: INFO: common: yaml file: config\config.yaml loaded successfully]
[2024-01-11 17:30:00,160: INFO: common: yaml file: params.yaml loaded successfully]
[2024-01-11 17:30:00,162: INFO: common: yaml file: schema.yaml loaded successfully]
[2024-01-11 17:30:00,162: INFO: common: created directory at: artifacts]
[2024-01-11 17:30:00,162: INFO: common: created directory at: artifacts/data_ingestion]
[2024-01-11 17:33:12,235: INFO: common: yaml file: config\config.yaml loaded successfully]
[2024-01-11 17:33:12,239: INFO: common: yaml file: params.yaml loaded successfully]
[2024-01-11 17:33:12,241: INFO: common: yaml file: schema.yaml loaded successfully]
[2024-01-11 17:33:12,242: INFO: common: created directory at: artifacts]
[2024-01-11 17:33:12,244: INFO: common: created directory at: artifacts/data_ingestion]
[2024-01-11 17:58:06,841: INFO: common: yaml file: config\config.yaml loaded successfully]
[2024-01-11 17:58:06,843: INFO: common: yaml file: params.yaml loaded successfully]
[2024-01-11 17:58:06,846: INFO: common: yaml file: schema.yaml loaded successfully]
[2024-01-11 17:58:06,846: INFO: common: created directory at: artifacts]
[2024-01-11 17:58:06,846: INFO: common: created directory at: artifacts/data_ingestion]
[2024-01-11 18:01:51,160: INFO: common: yaml file: config\config.yaml loaded successfully]
[2024-01-11 18:01:51,163: INFO: common: yaml file: params.yaml loaded successfully]
[2024-01-11 18:01:51,166: INFO: common: yaml file: schema.yaml loaded successfully]
[2024-01-11 18:01:51,166: INFO: common: created directory at: artifacts]
[2024-01-11 18:01:51,170: INFO: common: created directory at: artifacts/data_ingestion]
[2024-01-11 18:03:09,254: INFO: common: yaml file: config\config.yaml loaded successfully]
[2024-01-11 18:03:09,257: INFO: common: yaml file: params.yaml loaded successfully]
[2024-01-11 18:03:09,259: INFO: common: yaml file: schema.yaml loaded successfully]
[2024-01-11 18:03:09,261: INFO: common: created directory at: artifacts]
[2024-01-11 18:03:09,261: INFO: common: created directory at: artifacts/data_ingestion]
[2024-01-11 18:05:09,834: INFO: common: yaml file: config\config.yaml loaded successfully]
[2024-01-11 18:05:09,837: INFO: common: yaml file: params.yaml loaded successfully]
[2024-01-11 18:05:09,839: INFO: common: yaml file: schema.yaml loaded successfully]
[2024-01-11 18:05:09,841: INFO: common: created directory at: artifacts]
[2024-01-11 18:05:09,841: INFO: common: created directory at: artifacts/data_ingestion]
[2024-01-11 18:50:50,936: INFO: common: yaml file: config\config.yaml loaded successfully]
[2024-01-11 18:50:50,938: INFO: common: yaml file: params.yaml loaded successfully]
[2024-01-11 18:50:50,940: INFO: common: yaml file: schema.yaml loaded successfully]
[2024-01-11 18:50:50,941: INFO: common: created directory at: artifacts]
[2024-01-11 18:50:50,941: INFO: common: created directory at: artifacts/data_ingestion]
[2024-01-11 18:50:50,941: INFO: 3101321396: Exporting data from mongodb]
[2024-01-11 18:51:38,306: INFO: common: yaml file: config\config.yaml loaded successfully]
[2024-01-11 18:51:38,306: INFO: common: yaml file: params.yaml loaded successfully]
[2024-01-11 18:51:38,306: INFO: common: yaml file: schema.yaml loaded successfully]
[2024-01-11 18:51:38,306: INFO: common: created directory at: artifacts]
[2024-01-11 18:51:38,306: INFO: common: created directory at: artifacts/data_ingestion]
[2024-01-11 18:51:38,306: INFO: 937131561: Exporting data from mongodb]
[2024-01-11 18:51:42,358: INFO: 937131561: Saving exported data into feature store file path: artifacts/data_ingestion]
[2024-01-11 20:37:23,623: INFO: main: >>>>>> stage Data Ingestion stage started <<<<<<]
[2024-01-11 20:37:23,623: INFO: common: yaml file: config\config.yaml loaded successfully]
[2024-01-11 20:37:23,623: INFO: common: yaml file: params.yaml loaded successfully]
[2024-01-11 20:37:23,630: INFO: common: yaml file: schema.yaml loaded successfully]
[2024-01-11 20:37:23,630: INFO: common: created directory at: artifacts]
[2024-01-11 20:37:23,630: INFO: common: created directory at: artifacts/data_ingestion]
[2024-01-11 20:37:23,630: INFO: data_ingestion: Exporting data from mongodb]
[2024-01-11 20:37:27,464: INFO: data_ingestion: Saving exported data into feature store file path: artifacts/data_ingestion]
[2024-01-11 20:37:27,573: INFO: main: >>>>>> stage Data Ingestion stage completed <<<<<<

x==========x]
[2024-01-12 10:05:22,018: INFO: common: yaml file: config\config.yaml loaded successfully]
[2024-01-12 10:05:22,071: INFO: common: yaml file: params.yaml loaded successfully]
[2024-01-12 10:05:22,074: INFO: common: yaml file: schema.yaml loaded successfully]
[2024-01-12 10:05:22,075: INFO: common: created directory at: artifacts]
[2024-01-12 10:08:14,311: INFO: common: yaml file: config\config.yaml loaded successfully]
[2024-01-12 10:08:14,311: INFO: common: yaml file: params.yaml loaded successfully]
[2024-01-12 10:08:14,317: INFO: common: yaml file: schema.yaml loaded successfully]
[2024-01-12 10:08:14,319: INFO: common: created directory at: artifacts]
[2024-01-12 10:08:14,319: INFO: common: created directory at: artifacts/data_validation]
[2024-01-12 10:09:26,341: INFO: common: yaml file: config\config.yaml loaded successfully]
[2024-01-12 10:09:26,343: INFO: common: yaml file: params.yaml loaded successfully]
[2024-01-12 10:09:26,346: INFO: common: yaml file: schema.yaml loaded successfully]
[2024-01-12 10:09:26,347: INFO: common: created directory at: artifacts]
[2024-01-12 10:09:26,348: INFO: common: created directory at: artifacts/data_validation]
[2024-01-12 10:17:14,153: INFO: common: yaml file: config\config.yaml loaded successfully]
[2024-01-12 10:17:14,155: INFO: common: yaml file: params.yaml loaded successfully]
[2024-01-12 10:17:14,158: INFO: common: yaml file: schema.yaml loaded successfully]
[2024-01-12 10:17:14,161: INFO: common: created directory at: artifacts]
[2024-01-12 10:17:14,162: INFO: common: created directory at: artifacts/data_validation]
[2024-01-12 10:20:56,674: INFO: common: yaml file: config\config.yaml loaded successfully]
[2024-01-12 10:20:56,678: INFO: common: yaml file: params.yaml loaded successfully]
[2024-01-12 10:20:56,681: INFO: common: yaml file: schema.yaml loaded successfully]
[2024-01-12 10:20:56,682: INFO: common: created directory at: artifacts]
[2024-01-12 10:20:56,683: INFO: common: created directory at: artifacts/data_validation]
[2024-01-12 10:27:48,565: INFO: common: yaml file: schema.yaml loaded successfully]
[2024-01-12 10:30:54,871: INFO: common: yaml file: schema.yaml loaded successfully]
[2024-01-12 10:32:45,534: INFO: common: yaml file: config\config.yaml loaded successfully]
[2024-01-12 10:32:45,535: INFO: common: yaml file: params.yaml loaded successfully]
[2024-01-12 10:32:45,540: INFO: common: yaml file: schema.yaml loaded successfully]
[2024-01-12 10:32:45,541: INFO: common: created directory at: artifacts]
[2024-01-12 10:32:45,542: INFO: common: created directory at: artifacts/data_validation]
[2024-01-12 10:35:36,444: INFO: common: yaml file: config\config.yaml loaded successfully]
[2024-01-12 10:35:36,444: INFO: common: yaml file: params.yaml loaded successfully]
[2024-01-12 10:35:36,456: INFO: common: yaml file: schema.yaml loaded successfully]
[2024-01-12 10:35:36,457: INFO: common: created directory at: artifacts]
[2024-01-12 10:35:36,458: INFO: common: created directory at: artifacts/data_validation]
[2024-01-12 10:48:38,891: INFO: main: >>>>>> stage Data Validation stage started <<<<<<]
[2024-01-12 10:48:38,891: INFO: common: yaml file: config\config.yaml loaded successfully]
[2024-01-12 10:48:38,891: INFO: common: yaml file: params.yaml loaded successfully]
[2024-01-12 10:48:38,906: INFO: common: yaml file: schema.yaml loaded successfully]
[2024-01-12 10:48:38,906: INFO: common: created directory at: artifacts]
[2024-01-12 10:48:38,906: INFO: common: created directory at: artifacts/data_validation]
[2024-01-12 10:48:38,943: INFO: main: >>>>>> stage Data Validation stage completed <<<<<<

x==========x]
[2024-01-12 21:29:50,409: INFO: common: yaml file: config\config.yaml loaded successfully]
[2024-01-12 21:29:50,453: INFO: common: yaml file: params.yaml loaded successfully]
[2024-01-12 21:29:50,457: INFO: common: yaml file: schema.yaml loaded successfully]
[2024-01-12 21:29:50,458: INFO: common: created directory at: artifacts]
[2024-01-12 21:29:50,459: INFO: common: created directory at: artifacts/data_transformation]
[2024-01-12 22:50:22,719: INFO: common: yaml file: config\config.yaml loaded successfully]
[2024-01-12 22:50:22,720: INFO: common: yaml file: params.yaml loaded successfully]
[2024-01-12 22:50:22,723: INFO: common: yaml file: schema.yaml loaded successfully]
[2024-01-12 22:50:22,724: INFO: common: created directory at: artifacts]
[2024-01-12 22:50:22,725: INFO: common: created directory at: artifacts/data_transformation]
[2024-01-12 22:55:27,215: INFO: common: yaml file: config\config.yaml loaded successfully]
[2024-01-12 22:55:27,217: INFO: common: yaml file: params.yaml loaded successfully]
[2024-01-12 22:55:27,220: INFO: common: yaml file: schema.yaml loaded successfully]
[2024-01-12 22:55:27,221: INFO: common: created directory at: artifacts]
[2024-01-12 22:55:27,221: INFO: common: created directory at: artifacts/data_transformation]
[2024-01-12 22:57:14,096: INFO: common: yaml file: config\config.yaml loaded successfully]
[2024-01-12 22:57:14,097: INFO: common: yaml file: params.yaml loaded successfully]
[2024-01-12 22:57:14,101: INFO: common: yaml file: schema.yaml loaded successfully]
[2024-01-12 22:57:14,101: INFO: common: created directory at: artifacts]
[2024-01-12 22:57:14,102: INFO: common: created directory at: artifacts/data_transformation]
[2024-01-12 22:59:57,539: INFO: common: yaml file: config\config.yaml loaded successfully]
[2024-01-12 22:59:57,539: INFO: common: yaml file: params.yaml loaded successfully]
[2024-01-12 22:59:57,545: INFO: common: yaml file: schema.yaml loaded successfully]
[2024-01-12 22:59:57,545: INFO: common: created directory at: artifacts]
[2024-01-12 22:59:57,545: INFO: common: created directory at: artifacts/data_transformation]
[2024-01-12 23:00:30,344: INFO: common: yaml file: config\config.yaml loaded successfully]
[2024-01-12 23:00:30,346: INFO: common: yaml file: params.yaml loaded successfully]
[2024-01-12 23:00:30,349: INFO: common: yaml file: schema.yaml loaded successfully]
[2024-01-12 23:00:30,350: INFO: common: created directory at: artifacts]
[2024-01-12 23:00:30,351: INFO: common: created directory at: artifacts/data_transformation]
[2024-01-12 23:03:04,782: INFO: common: yaml file: config\config.yaml loaded successfully]
[2024-01-12 23:03:04,782: INFO: common: yaml file: params.yaml loaded successfully]
[2024-01-12 23:03:04,787: INFO: common: yaml file: schema.yaml loaded successfully]
[2024-01-12 23:03:04,787: INFO: common: created directory at: artifacts]
[2024-01-12 23:03:04,787: INFO: common: created directory at: artifacts/data_transformation]
[2024-01-12 23:04:33,344: INFO: common: yaml file: config\config.yaml loaded successfully]
[2024-01-12 23:04:33,346: INFO: common: yaml file: params.yaml loaded successfully]
[2024-01-12 23:04:33,348: INFO: common: yaml file: schema.yaml loaded successfully]
[2024-01-12 23:04:33,349: INFO: common: created directory at: artifacts]
[2024-01-12 23:04:33,350: INFO: common: created directory at: artifacts/data_transformation]
[2024-01-12 23:05:44,599: INFO: common: yaml file: config\config.yaml loaded successfully]
[2024-01-12 23:05:44,601: INFO: common: yaml file: params.yaml loaded successfully]
[2024-01-12 23:05:44,604: INFO: common: yaml file: schema.yaml loaded successfully]
[2024-01-12 23:05:44,605: INFO: common: created directory at: artifacts]
[2024-01-12 23:05:44,605: INFO: common: created directory at: artifacts/data_transformation]
[2024-01-12 23:06:24,645: INFO: common: yaml file: config\config.yaml loaded successfully]
[2024-01-12 23:06:24,646: INFO: common: yaml file: params.yaml loaded successfully]
[2024-01-12 23:06:24,651: INFO: common: yaml file: schema.yaml loaded successfully]
[2024-01-12 23:06:24,652: INFO: common: created directory at: artifacts]
[2024-01-12 23:06:24,652: INFO: common: created directory at: artifacts/data_transformation]
[2024-01-12 23:16:39,904: INFO: common: yaml file: config\config.yaml loaded successfully]
[2024-01-12 23:16:39,906: INFO: common: yaml file: params.yaml loaded successfully]
[2024-01-12 23:16:39,909: INFO: common: yaml file: schema.yaml loaded successfully]
[2024-01-12 23:16:39,910: INFO: common: created directory at: artifacts]
[2024-01-12 23:16:39,911: INFO: common: created directory at: artifacts/data_transformation]
[2024-01-13 11:58:50,574: INFO: common: yaml file: config\config.yaml loaded successfully]
[2024-01-13 11:58:50,581: INFO: common: yaml file: params.yaml loaded successfully]
[2024-01-13 11:58:50,586: INFO: common: yaml file: schema.yaml loaded successfully]
[2024-01-13 11:58:50,586: INFO: common: created directory at: artifacts]
[2024-01-13 11:58:50,592: INFO: common: created directory at: artifacts/data_transformation]
